<?xml version="1.0" encoding="UTF-8"?>
<!-- Generated by org.testng.reporters.JUnitReportReporter -->
<testsuite hostname="Janvi" failures="0" tests="1" name="Scripts.Extent1" time="0.356" errors="0" timestamp="2024-08-22T15:49:40 IST" skipped="0">
  <testcase classname="Scripts.Extent1" name="test1" time="0.356"/>
  <system-out/>
</testsuite> <!-- Scripts.Extent1 -->
